-------------------------------------------------------------------------------
Test set: demo.TestMyBatis
-------------------------------------------------------------------------------
Tests run: 1, Failures: 1, Errors: 0, Skipped: 0, Time elapsed: 0.014 sec <<< FAILURE!
demo.TestMyBatis.test1()  Time elapsed: 0.011 sec  <<< FAILURE!
java.lang.NullPointerException
	at demo.TestMyBatis.test1(TestMyBatis.java:35)

